{"resource-bundles/app.resource/resources/tests/unitTests/exampleSpec.js":{"path":"resource-bundles/app.resource/resources/tests/unitTests/exampleSpec.js","s":{"1":1,"2":1,"3":1,"4":1,"5":1,"6":1,"7":1,"8":1,"9":1,"10":1,"11":1,"12":1,"13":1,"14":1,"15":1,"16":1,"17":1,"18":1,"19":1,"20":1,"21":1,"22":1,"23":1,"24":1,"25":1,"26":1,"27":1,"28":1,"29":1,"30":1,"31":1,"32":1,"33":1,"34":1,"35":1,"36":1,"37":1,"38":1,"39":1,"40":1,"41":1,"42":1,"43":1,"44":1,"45":1,"46":1,"47":1,"48":1,"49":1,"50":1,"51":1,"52":1,"53":1,"54":1,"55":1,"56":1,"57":1,"58":1,"59":1,"60":1,"61":1,"62":1,"63":1,"64":1,"65":1,"66":1,"67":1,"68":1,"69":1,"70":1,"71":1,"72":1,"73":1,"74":1,"75":1,"76":1,"77":1,"78":1,"79":1,"80":1,"81":1,"82":1,"83":1,"84":1,"85":1,"86":1,"87":1,"88":1,"89":1,"90":1,"91":2,"92":2,"93":1,"94":2,"95":1,"96":1,"97":1,"98":1,"99":1,"100":1,"101":1,"102":2,"103":1,"104":1,"105":1,"106":1,"107":1,"108":1,"109":1,"110":1,"111":1,"112":3,"113":3,"114":1,"115":3,"116":1,"117":1,"118":1,"119":1,"120":1,"121":1,"122":1,"123":1,"124":1,"125":1,"126":1,"127":1,"128":1,"129":1,"130":0,"131":0,"132":1,"133":0,"134":1,"135":1,"136":0,"137":1,"138":1,"139":1,"140":1,"141":1,"142":1,"143":1,"144":3,"145":0,"146":3,"147":3,"148":3,"149":1,"150":1,"151":1,"152":1,"153":1,"154":1,"155":1,"156":1,"157":1,"158":1,"159":3,"160":3,"161":3,"162":3,"163":3,"164":3,"165":1,"166":1,"167":1,"168":1,"169":1,"170":1,"171":1,"172":1,"173":1,"174":3,"175":3,"176":0,"177":3,"178":3,"179":3,"180":1,"181":1,"182":1,"183":1,"184":1,"185":1,"186":1,"187":1,"188":1,"189":3,"190":3,"191":0,"192":3,"193":3,"194":3,"195":3,"196":1,"197":1,"198":1,"199":1,"200":1,"201":1,"202":1,"203":1,"204":1,"205":1,"206":0,"207":1,"208":1,"209":1,"210":1,"211":1,"212":1,"213":1,"214":1,"215":1,"216":1,"217":1,"218":1,"219":1,"220":1,"221":1,"222":1,"223":1,"224":1,"225":1,"226":1,"227":8,"228":0,"229":8,"230":1,"231":1,"232":1,"233":1,"234":1,"235":1,"236":1,"237":1,"238":1,"239":1,"240":1,"241":1,"242":1,"243":1,"244":1,"245":1,"246":1,"247":1,"248":1,"249":1,"250":1,"251":1,"252":1,"253":1,"254":1,"255":1,"256":1,"257":1,"258":1,"259":1,"260":1,"261":1,"262":1,"263":1,"264":1,"265":1,"266":1,"267":1,"268":5,"269":5,"270":1,"271":1,"272":1,"273":1,"274":1,"275":1,"276":1,"277":1,"278":1,"279":1,"280":1,"281":1,"282":1,"283":3,"284":3,"285":3,"286":3,"287":1,"288":1,"289":1,"290":1,"291":1,"292":1,"293":1,"294":1,"295":1,"296":1,"297":1,"298":1,"299":1,"300":1,"301":1,"302":1,"303":1,"304":1,"305":1,"306":1,"307":0,"308":1,"309":1,"310":1,"311":1,"312":2,"313":1,"314":1,"315":1,"316":1,"317":1,"318":1,"319":1,"320":1,"321":1,"322":1,"323":1,"324":1,"325":2,"326":2,"327":1,"328":2,"329":1,"330":1,"331":1,"332":1,"333":1,"334":1,"335":1,"336":1,"337":2,"338":1,"339":1,"340":1,"341":1,"342":1,"343":1,"344":1,"345":1,"346":1,"347":1,"348":0,"349":0,"350":0,"351":1,"352":0,"353":0,"354":0,"355":1,"356":1,"357":1,"358":0,"359":0,"360":1,"361":0,"362":0,"363":1,"364":0},"b":{},"f":{"1":1,"2":1,"3":1,"4":1,"5":1,"6":1,"7":1,"8":1,"9":1,"10":1,"11":1,"12":1,"13":1,"14":1,"15":1,"16":1,"17":1,"18":1,"19":1,"20":1,"21":1,"22":1,"23":1,"24":1,"25":1,"26":1,"27":1,"28":1,"29":1,"30":2,"31":2,"32":1,"33":1,"34":1,"35":2,"36":1,"37":1,"38":1,"39":3,"40":3,"41":1,"42":1,"43":1,"44":1,"45":1,"46":1,"47":0,"48":0,"49":1,"50":0,"51":1,"52":1,"53":3,"54":0,"55":1,"56":1,"57":1,"58":1,"59":3,"60":3,"61":3,"62":1,"63":1,"64":1,"65":1,"66":3,"67":3,"68":0,"69":1,"70":1,"71":1,"72":1,"73":3,"74":3,"75":0,"76":3,"77":1,"78":1,"79":1,"80":1,"81":1,"82":0,"83":1,"84":1,"85":1,"86":1,"87":1,"88":1,"89":1,"90":8,"91":0,"92":1,"93":1,"94":1,"95":1,"96":1,"97":1,"98":1,"99":1,"100":1,"101":5,"102":1,"103":1,"104":1,"105":1,"106":1,"107":1,"108":3,"109":1,"110":1,"111":1,"112":1,"113":1,"114":1,"115":1,"116":0,"117":1,"118":2,"119":1,"120":1,"121":1,"122":1,"123":2,"124":2,"125":1,"126":1,"127":1,"128":2,"129":1,"130":0,"131":0,"132":0,"133":1,"134":0,"135":0,"136":0,"137":0},"fnMap":{"1":{"name":"(anonymous_1)","line":1,"loc":{"start":{"line":1,"column":31},"end":{"line":1,"column":42}}},"2":{"name":"(anonymous_2)","line":2,"loc":{"start":{"line":2,"column":44},"end":{"line":2,"column":55}}},"3":{"name":"(anonymous_3)","line":6,"loc":{"start":{"line":6,"column":39},"end":{"line":6,"column":50}}},"4":{"name":"(anonymous_4)","line":8,"loc":{"start":{"line":8,"column":27},"end":{"line":8,"column":38}}},"5":{"name":"(anonymous_5)","line":13,"loc":{"start":{"line":13,"column":49},"end":{"line":13,"column":60}}},"6":{"name":"(anonymous_6)","line":14,"loc":{"start":{"line":14,"column":34},"end":{"line":14,"column":45}}},"7":{"name":"(anonymous_7)","line":17,"loc":{"start":{"line":17,"column":39},"end":{"line":17,"column":50}}},"8":{"name":"(anonymous_8)","line":21,"loc":{"start":{"line":21,"column":31},"end":{"line":21,"column":42}}},"9":{"name":"(anonymous_9)","line":22,"loc":{"start":{"line":22,"column":47},"end":{"line":22,"column":58}}},"10":{"name":"(anonymous_10)","line":28,"loc":{"start":{"line":28,"column":38},"end":{"line":28,"column":49}}},"11":{"name":"(anonymous_11)","line":29,"loc":{"start":{"line":29,"column":54},"end":{"line":29,"column":65}}},"12":{"name":"(anonymous_12)","line":33,"loc":{"start":{"line":33,"column":38},"end":{"line":33,"column":49}}},"13":{"name":"(anonymous_13)","line":45,"loc":{"start":{"line":45,"column":59},"end":{"line":45,"column":70}}},"14":{"name":"(anonymous_14)","line":51,"loc":{"start":{"line":51,"column":65},"end":{"line":51,"column":76}}},"15":{"name":"(anonymous_15)","line":58,"loc":{"start":{"line":58,"column":67},"end":{"line":58,"column":78}}},"16":{"name":"(anonymous_16)","line":65,"loc":{"start":{"line":65,"column":55},"end":{"line":65,"column":66}}},"17":{"name":"(anonymous_17)","line":72,"loc":{"start":{"line":72,"column":66},"end":{"line":72,"column":77}}},"18":{"name":"(anonymous_18)","line":77,"loc":{"start":{"line":77,"column":65},"end":{"line":77,"column":76}}},"19":{"name":"(anonymous_19)","line":82,"loc":{"start":{"line":82,"column":69},"end":{"line":82,"column":80}}},"20":{"name":"(anonymous_20)","line":87,"loc":{"start":{"line":87,"column":69},"end":{"line":87,"column":80}}},"21":{"name":"(anonymous_21)","line":93,"loc":{"start":{"line":93,"column":72},"end":{"line":93,"column":83}}},"22":{"name":"(anonymous_22)","line":99,"loc":{"start":{"line":99,"column":69},"end":{"line":99,"column":80}}},"23":{"name":"(anonymous_23)","line":105,"loc":{"start":{"line":105,"column":81},"end":{"line":105,"column":92}}},"24":{"name":"(anonymous_24)","line":106,"loc":{"start":{"line":106,"column":18},"end":{"line":106,"column":29}}},"25":{"name":"(anonymous_25)","line":109,"loc":{"start":{"line":109,"column":18},"end":{"line":109,"column":29}}},"26":{"name":"(anonymous_26)","line":116,"loc":{"start":{"line":116,"column":19},"end":{"line":116,"column":30}}},"27":{"name":"(anonymous_27)","line":117,"loc":{"start":{"line":117,"column":57},"end":{"line":117,"column":68}}},"28":{"name":"(anonymous_28)","line":122,"loc":{"start":{"line":122,"column":45},"end":{"line":122,"column":56}}},"29":{"name":"(anonymous_29)","line":129,"loc":{"start":{"line":129,"column":46},"end":{"line":129,"column":57}}},"30":{"name":"(anonymous_30)","line":131,"loc":{"start":{"line":131,"column":15},"end":{"line":131,"column":26}}},"31":{"name":"(anonymous_31)","line":135,"loc":{"start":{"line":135,"column":14},"end":{"line":135,"column":25}}},"32":{"name":"(anonymous_32)","line":138,"loc":{"start":{"line":138,"column":57},"end":{"line":138,"column":68}}},"33":{"name":"(anonymous_33)","line":141,"loc":{"start":{"line":141,"column":45},"end":{"line":141,"column":56}}},"34":{"name":"(anonymous_34)","line":146,"loc":{"start":{"line":146,"column":19},"end":{"line":146,"column":30}}},"35":{"name":"(anonymous_35)","line":147,"loc":{"start":{"line":147,"column":15},"end":{"line":147,"column":26}}},"36":{"name":"(anonymous_36)","line":150,"loc":{"start":{"line":150,"column":44},"end":{"line":150,"column":55}}},"37":{"name":"(anonymous_37)","line":154,"loc":{"start":{"line":154,"column":86},"end":{"line":154,"column":97}}},"38":{"name":"(anonymous_38)","line":159,"loc":{"start":{"line":159,"column":19},"end":{"line":159,"column":30}}},"39":{"name":"(anonymous_39)","line":161,"loc":{"start":{"line":161,"column":15},"end":{"line":161,"column":26}}},"40":{"name":"(anonymous_40)","line":165,"loc":{"start":{"line":165,"column":14},"end":{"line":165,"column":25}}},"41":{"name":"(anonymous_41)","line":168,"loc":{"start":{"line":168,"column":57},"end":{"line":168,"column":68}}},"42":{"name":"(anonymous_42)","line":171,"loc":{"start":{"line":171,"column":45},"end":{"line":171,"column":56}}},"43":{"name":"(anonymous_43)","line":175,"loc":{"start":{"line":175,"column":48},"end":{"line":175,"column":59}}},"44":{"name":"(anonymous_44)","line":177,"loc":{"start":{"line":177,"column":19},"end":{"line":177,"column":30}}},"45":{"name":"(anonymous_45)","line":180,"loc":{"start":{"line":180,"column":50},"end":{"line":180,"column":61}}},"46":{"name":"(anonymous_46)","line":185,"loc":{"start":{"line":185,"column":20},"end":{"line":185,"column":31}}},"47":{"name":"(anonymous_47)","line":187,"loc":{"start":{"line":187,"column":15},"end":{"line":187,"column":26}}},"48":{"name":"(anonymous_48)","line":191,"loc":{"start":{"line":191,"column":57},"end":{"line":191,"column":68}}},"49":{"name":"(anonymous_49)","line":195,"loc":{"start":{"line":195,"column":26},"end":{"line":195,"column":37}}},"50":{"name":"(anonymous_50)","line":196,"loc":{"start":{"line":196,"column":33},"end":{"line":196,"column":44}}},"51":{"name":"(anonymous_51)","line":200,"loc":{"start":{"line":200,"column":64},"end":{"line":200,"column":75}}},"52":{"name":"(anonymous_52)","line":206,"loc":{"start":{"line":206,"column":18},"end":{"line":206,"column":29}}},"53":{"name":"(anonymous_53)","line":209,"loc":{"start":{"line":209,"column":13},"end":{"line":209,"column":24}}},"54":{"name":"(anonymous_54)","line":211,"loc":{"start":{"line":211,"column":14},"end":{"line":211,"column":30}}},"55":{"name":"(anonymous_55)","line":222,"loc":{"start":{"line":222,"column":39},"end":{"line":222,"column":50}}},"56":{"name":"(anonymous_56)","line":226,"loc":{"start":{"line":226,"column":46},"end":{"line":226,"column":57}}},"57":{"name":"(anonymous_57)","line":231,"loc":{"start":{"line":231,"column":42},"end":{"line":231,"column":53}}},"58":{"name":"(anonymous_58)","line":236,"loc":{"start":{"line":236,"column":51},"end":{"line":236,"column":62}}},"59":{"name":"(anonymous_59)","line":239,"loc":{"start":{"line":239,"column":13},"end":{"line":239,"column":24}}},"60":{"name":"(anonymous_60)","line":241,"loc":{"start":{"line":241,"column":14},"end":{"line":241,"column":30}}},"61":{"name":"(anonymous_61)","line":244,"loc":{"start":{"line":244,"column":14},"end":{"line":244,"column":25}}},"62":{"name":"(anonymous_62)","line":255,"loc":{"start":{"line":255,"column":39},"end":{"line":255,"column":50}}},"63":{"name":"(anonymous_63)","line":259,"loc":{"start":{"line":259,"column":42},"end":{"line":259,"column":53}}},"64":{"name":"(anonymous_64)","line":263,"loc":{"start":{"line":263,"column":48},"end":{"line":263,"column":59}}},"65":{"name":"(anonymous_65)","line":268,"loc":{"start":{"line":268,"column":58},"end":{"line":268,"column":69}}},"66":{"name":"(anonymous_66)","line":271,"loc":{"start":{"line":271,"column":13},"end":{"line":271,"column":24}}},"67":{"name":"(anonymous_67)","line":273,"loc":{"start":{"line":273,"column":14},"end":{"line":273,"column":30}}},"68":{"name":"(anonymous_68)","line":276,"loc":{"start":{"line":276,"column":14},"end":{"line":276,"column":25}}},"69":{"name":"(anonymous_69)","line":287,"loc":{"start":{"line":287,"column":39},"end":{"line":287,"column":50}}},"70":{"name":"(anonymous_70)","line":291,"loc":{"start":{"line":291,"column":42},"end":{"line":291,"column":53}}},"71":{"name":"(anonymous_71)","line":295,"loc":{"start":{"line":295,"column":48},"end":{"line":295,"column":59}}},"72":{"name":"(anonymous_72)","line":300,"loc":{"start":{"line":300,"column":68},"end":{"line":300,"column":79}}},"73":{"name":"(anonymous_73)","line":303,"loc":{"start":{"line":303,"column":13},"end":{"line":303,"column":24}}},"74":{"name":"(anonymous_74)","line":305,"loc":{"start":{"line":305,"column":14},"end":{"line":305,"column":30}}},"75":{"name":"(anonymous_75)","line":308,"loc":{"start":{"line":308,"column":14},"end":{"line":308,"column":25}}},"76":{"name":"(anonymous_76)","line":313,"loc":{"start":{"line":313,"column":38},"end":{"line":313,"column":49}}},"77":{"name":"(anonymous_77)","line":321,"loc":{"start":{"line":321,"column":39},"end":{"line":321,"column":50}}},"78":{"name":"(anonymous_78)","line":325,"loc":{"start":{"line":325,"column":42},"end":{"line":325,"column":53}}},"79":{"name":"(anonymous_79)","line":329,"loc":{"start":{"line":329,"column":48},"end":{"line":329,"column":59}}},"80":{"name":"(anonymous_80)","line":334,"loc":{"start":{"line":334,"column":53},"end":{"line":334,"column":64}}},"81":{"name":"(anonymous_81)","line":337,"loc":{"start":{"line":337,"column":13},"end":{"line":337,"column":24}}},"82":{"name":"(anonymous_82)","line":339,"loc":{"start":{"line":339,"column":14},"end":{"line":339,"column":30}}},"83":{"name":"(anonymous_83)","line":347,"loc":{"start":{"line":347,"column":25},"end":{"line":347,"column":36}}},"84":{"name":"(anonymous_84)","line":348,"loc":{"start":{"line":348,"column":11},"end":{"line":348,"column":22}}},"85":{"name":"(anonymous_85)","line":354,"loc":{"start":{"line":354,"column":18},"end":{"line":354,"column":29}}},"86":{"name":"(anonymous_86)","line":357,"loc":{"start":{"line":357,"column":13},"end":{"line":357,"column":24}}},"87":{"name":"(anonymous_87)","line":359,"loc":{"start":{"line":359,"column":14},"end":{"line":359,"column":30}}},"88":{"name":"(anonymous_88)","line":367,"loc":{"start":{"line":367,"column":56},"end":{"line":367,"column":67}}},"89":{"name":"(anonymous_89)","line":379,"loc":{"start":{"line":379,"column":18},"end":{"line":379,"column":29}}},"90":{"name":"(anonymous_90)","line":382,"loc":{"start":{"line":382,"column":13},"end":{"line":382,"column":24}}},"91":{"name":"(anonymous_91)","line":384,"loc":{"start":{"line":384,"column":14},"end":{"line":384,"column":30}}},"92":{"name":"(anonymous_92)","line":391,"loc":{"start":{"line":391,"column":39},"end":{"line":391,"column":50}}},"93":{"name":"(anonymous_93)","line":398,"loc":{"start":{"line":398,"column":49},"end":{"line":398,"column":60}}},"94":{"name":"(anonymous_94)","line":406,"loc":{"start":{"line":406,"column":42},"end":{"line":406,"column":53}}},"95":{"name":"(anonymous_95)","line":413,"loc":{"start":{"line":413,"column":42},"end":{"line":413,"column":53}}},"96":{"name":"(anonymous_96)","line":419,"loc":{"start":{"line":419,"column":59},"end":{"line":419,"column":70}}},"97":{"name":"(anonymous_97)","line":424,"loc":{"start":{"line":424,"column":47},"end":{"line":424,"column":58}}},"98":{"name":"(anonymous_98)","line":430,"loc":{"start":{"line":430,"column":41},"end":{"line":430,"column":52}}},"99":{"name":"(anonymous_99)","line":436,"loc":{"start":{"line":436,"column":21},"end":{"line":436,"column":32}}},"100":{"name":"(anonymous_100)","line":448,"loc":{"start":{"line":448,"column":41},"end":{"line":448,"column":52}}},"101":{"name":"(anonymous_101)","line":451,"loc":{"start":{"line":451,"column":13},"end":{"line":451,"column":24}}},"102":{"name":"(anonymous_102)","line":457,"loc":{"start":{"line":457,"column":49},"end":{"line":457,"column":60}}},"103":{"name":"(anonymous_103)","line":461,"loc":{"start":{"line":461,"column":39},"end":{"line":461,"column":50}}},"104":{"name":"(anonymous_104)","line":465,"loc":{"start":{"line":465,"column":35},"end":{"line":465,"column":46}}},"105":{"name":"(anonymous_105)","line":469,"loc":{"start":{"line":469,"column":46},"end":{"line":469,"column":57}}},"106":{"name":"(anonymous_106)","line":473,"loc":{"start":{"line":473,"column":46},"end":{"line":473,"column":57}}},"107":{"name":"(anonymous_107)","line":478,"loc":{"start":{"line":478,"column":50},"end":{"line":478,"column":61}}},"108":{"name":"(anonymous_108)","line":481,"loc":{"start":{"line":481,"column":13},"end":{"line":481,"column":24}}},"109":{"name":"(anonymous_109)","line":489,"loc":{"start":{"line":489,"column":50},"end":{"line":489,"column":61}}},"110":{"name":"(anonymous_110)","line":496,"loc":{"start":{"line":496,"column":42},"end":{"line":496,"column":53}}},"111":{"name":"(anonymous_111)","line":503,"loc":{"start":{"line":503,"column":46},"end":{"line":503,"column":57}}},"112":{"name":"(anonymous_112)","line":508,"loc":{"start":{"line":508,"column":24},"end":{"line":508,"column":35}}},"113":{"name":"(anonymous_113)","line":509,"loc":{"start":{"line":509,"column":26},"end":{"line":509,"column":37}}},"114":{"name":"(anonymous_114)","line":514,"loc":{"start":{"line":514,"column":35},"end":{"line":514,"column":46}}},"115":{"name":"(anonymous_115)","line":515,"loc":{"start":{"line":515,"column":44},"end":{"line":515,"column":55}}},"116":{"name":"(anonymous_116)","line":517,"loc":{"start":{"line":517,"column":14},"end":{"line":517,"column":25}}},"117":{"name":"(anonymous_117)","line":526,"loc":{"start":{"line":526,"column":37},"end":{"line":526,"column":48}}},"118":{"name":"(anonymous_118)","line":529,"loc":{"start":{"line":529,"column":13},"end":{"line":529,"column":24}}},"119":{"name":"(anonymous_119)","line":537,"loc":{"start":{"line":537,"column":56},"end":{"line":537,"column":67}}},"120":{"name":"(anonymous_120)","line":546,"loc":{"start":{"line":546,"column":35},"end":{"line":546,"column":46}}},"121":{"name":"(anonymous_121)","line":547,"loc":{"start":{"line":547,"column":44},"end":{"line":547,"column":55}}},"122":{"name":"(anonymous_122)","line":564,"loc":{"start":{"line":564,"column":47},"end":{"line":564,"column":58}}},"123":{"name":"(anonymous_123)","line":567,"loc":{"start":{"line":567,"column":13},"end":{"line":567,"column":24}}},"124":{"name":"(anonymous_124)","line":572,"loc":{"start":{"line":572,"column":12},"end":{"line":572,"column":23}}},"125":{"name":"(anonymous_125)","line":576,"loc":{"start":{"line":576,"column":52},"end":{"line":576,"column":63}}},"126":{"name":"(anonymous_126)","line":577,"loc":{"start":{"line":577,"column":17},"end":{"line":577,"column":28}}},"127":{"name":"(anonymous_127)","line":588,"loc":{"start":{"line":588,"column":56},"end":{"line":588,"column":67}}},"128":{"name":"(anonymous_128)","line":589,"loc":{"start":{"line":589,"column":18},"end":{"line":589,"column":29}}},"129":{"name":"(anonymous_129)","line":606,"loc":{"start":{"line":606,"column":32},"end":{"line":606,"column":43}}},"130":{"name":"(anonymous_130)","line":608,"loc":{"start":{"line":608,"column":13},"end":{"line":608,"column":28}}},"131":{"name":"(anonymous_131)","line":609,"loc":{"start":{"line":609,"column":16},"end":{"line":609,"column":27}}},"132":{"name":"(anonymous_132)","line":614,"loc":{"start":{"line":614,"column":76},"end":{"line":614,"column":91}}},"133":{"name":"(anonymous_133)","line":619,"loc":{"start":{"line":619,"column":38},"end":{"line":619,"column":49}}},"134":{"name":"(anonymous_134)","line":621,"loc":{"start":{"line":621,"column":17},"end":{"line":621,"column":28}}},"135":{"name":"(anonymous_135)","line":626,"loc":{"start":{"line":626,"column":30},"end":{"line":626,"column":45}}},"136":{"name":"(anonymous_136)","line":627,"loc":{"start":{"line":627,"column":19},"end":{"line":627,"column":30}}},"137":{"name":"(anonymous_137)","line":632,"loc":{"start":{"line":632,"column":16},"end":{"line":632,"column":27}}}},"statementMap":{"1":{"start":{"line":1,"column":0},"end":{"line":5,"column":3}},"2":{"start":{"line":2,"column":4},"end":{"line":4,"column":7}},"3":{"start":{"line":3,"column":8},"end":{"line":3,"column":32}},"4":{"start":{"line":6,"column":0},"end":{"line":12,"column":3}},"5":{"start":{"line":7,"column":4},"end":{"line":7,"column":10}},"6":{"start":{"line":8,"column":4},"end":{"line":11,"column":7}},"7":{"start":{"line":9,"column":8},"end":{"line":9,"column":17}},"8":{"start":{"line":10,"column":8},"end":{"line":10,"column":29}},"9":{"start":{"line":13,"column":0},"end":{"line":20,"column":3}},"10":{"start":{"line":14,"column":4},"end":{"line":16,"column":7}},"11":{"start":{"line":15,"column":8},"end":{"line":15,"column":32}},"12":{"start":{"line":17,"column":4},"end":{"line":19,"column":7}},"13":{"start":{"line":18,"column":8},"end":{"line":18,"column":37}},"14":{"start":{"line":21,"column":0},"end":{"line":115,"column":3}},"15":{"start":{"line":22,"column":4},"end":{"line":27,"column":7}},"16":{"start":{"line":23,"column":8},"end":{"line":23,"column":19}},"17":{"start":{"line":24,"column":8},"end":{"line":24,"column":18}},"18":{"start":{"line":25,"column":8},"end":{"line":25,"column":26}},"19":{"start":{"line":26,"column":8},"end":{"line":26,"column":33}},"20":{"start":{"line":28,"column":4},"end":{"line":44,"column":7}},"21":{"start":{"line":29,"column":8},"end":{"line":32,"column":11}},"22":{"start":{"line":30,"column":12},"end":{"line":30,"column":23}},"23":{"start":{"line":31,"column":12},"end":{"line":31,"column":34}},"24":{"start":{"line":33,"column":8},"end":{"line":43,"column":11}},"25":{"start":{"line":34,"column":12},"end":{"line":37,"column":14}},"26":{"start":{"line":38,"column":12},"end":{"line":41,"column":14}},"27":{"start":{"line":42,"column":12},"end":{"line":42,"column":37}},"28":{"start":{"line":45,"column":4},"end":{"line":50,"column":7}},"29":{"start":{"line":46,"column":8},"end":{"line":46,"column":36}},"30":{"start":{"line":47,"column":8},"end":{"line":47,"column":39}},"31":{"start":{"line":48,"column":8},"end":{"line":48,"column":39}},"32":{"start":{"line":49,"column":8},"end":{"line":49,"column":44}},"33":{"start":{"line":51,"column":4},"end":{"line":57,"column":7}},"34":{"start":{"line":52,"column":8},"end":{"line":54,"column":10}},"35":{"start":{"line":55,"column":8},"end":{"line":55,"column":36}},"36":{"start":{"line":56,"column":8},"end":{"line":56,"column":40}},"37":{"start":{"line":58,"column":4},"end":{"line":64,"column":7}},"38":{"start":{"line":59,"column":8},"end":{"line":61,"column":10}},"39":{"start":{"line":62,"column":8},"end":{"line":62,"column":42}},"40":{"start":{"line":63,"column":8},"end":{"line":63,"column":38}},"41":{"start":{"line":65,"column":4},"end":{"line":71,"column":7}},"42":{"start":{"line":66,"column":8},"end":{"line":66,"column":21}},"43":{"start":{"line":67,"column":8},"end":{"line":67,"column":24}},"44":{"start":{"line":68,"column":8},"end":{"line":68,"column":32}},"45":{"start":{"line":69,"column":8},"end":{"line":69,"column":29}},"46":{"start":{"line":70,"column":8},"end":{"line":70,"column":35}},"47":{"start":{"line":72,"column":4},"end":{"line":76,"column":7}},"48":{"start":{"line":73,"column":8},"end":{"line":73,"column":27}},"49":{"start":{"line":74,"column":8},"end":{"line":74,"column":33}},"50":{"start":{"line":75,"column":8},"end":{"line":75,"column":35}},"51":{"start":{"line":77,"column":4},"end":{"line":81,"column":7}},"52":{"start":{"line":78,"column":8},"end":{"line":78,"column":27}},"53":{"start":{"line":79,"column":8},"end":{"line":79,"column":30}},"54":{"start":{"line":80,"column":8},"end":{"line":80,"column":36}},"55":{"start":{"line":82,"column":4},"end":{"line":86,"column":7}},"56":{"start":{"line":83,"column":8},"end":{"line":83,"column":38}},"57":{"start":{"line":84,"column":8},"end":{"line":84,"column":35}},"58":{"start":{"line":85,"column":8},"end":{"line":85,"column":40}},"59":{"start":{"line":87,"column":4},"end":{"line":92,"column":7}},"60":{"start":{"line":88,"column":8},"end":{"line":89,"column":21}},"61":{"start":{"line":90,"column":8},"end":{"line":90,"column":35}},"62":{"start":{"line":91,"column":8},"end":{"line":91,"column":39}},"63":{"start":{"line":93,"column":4},"end":{"line":98,"column":7}},"64":{"start":{"line":94,"column":8},"end":{"line":95,"column":21}},"65":{"start":{"line":96,"column":8},"end":{"line":96,"column":38}},"66":{"start":{"line":97,"column":8},"end":{"line":97,"column":42}},"67":{"start":{"line":99,"column":4},"end":{"line":104,"column":7}},"68":{"start":{"line":100,"column":8},"end":{"line":101,"column":21}},"69":{"start":{"line":102,"column":8},"end":{"line":102,"column":41}},"70":{"start":{"line":103,"column":8},"end":{"line":103,"column":37}},"71":{"start":{"line":105,"column":4},"end":{"line":114,"column":7}},"72":{"start":{"line":106,"column":8},"end":{"line":108,"column":10}},"73":{"start":{"line":107,"column":12},"end":{"line":107,"column":25}},"74":{"start":{"line":109,"column":8},"end":{"line":111,"column":10}},"75":{"start":{"line":110,"column":12},"end":{"line":110,"column":25}},"76":{"start":{"line":112,"column":8},"end":{"line":112,"column":34}},"77":{"start":{"line":113,"column":8},"end":{"line":113,"column":30}},"78":{"start":{"line":116,"column":0},"end":{"line":128,"column":3}},"79":{"start":{"line":117,"column":4},"end":{"line":121,"column":7}},"80":{"start":{"line":118,"column":8},"end":{"line":118,"column":20}},"81":{"start":{"line":119,"column":8},"end":{"line":119,"column":17}},"82":{"start":{"line":120,"column":8},"end":{"line":120,"column":31}},"83":{"start":{"line":122,"column":4},"end":{"line":127,"column":7}},"84":{"start":{"line":123,"column":8},"end":{"line":123,"column":20}},"85":{"start":{"line":124,"column":8},"end":{"line":124,"column":17}},"86":{"start":{"line":125,"column":8},"end":{"line":125,"column":31}},"87":{"start":{"line":126,"column":8},"end":{"line":126,"column":35}},"88":{"start":{"line":129,"column":0},"end":{"line":145,"column":3}},"89":{"start":{"line":130,"column":4},"end":{"line":130,"column":12}},"90":{"start":{"line":131,"column":4},"end":{"line":134,"column":7}},"91":{"start":{"line":132,"column":8},"end":{"line":132,"column":16}},"92":{"start":{"line":133,"column":8},"end":{"line":133,"column":17}},"93":{"start":{"line":135,"column":4},"end":{"line":137,"column":7}},"94":{"start":{"line":136,"column":8},"end":{"line":136,"column":16}},"95":{"start":{"line":138,"column":4},"end":{"line":140,"column":7}},"96":{"start":{"line":139,"column":8},"end":{"line":139,"column":31}},"97":{"start":{"line":141,"column":4},"end":{"line":144,"column":7}},"98":{"start":{"line":142,"column":8},"end":{"line":142,"column":31}},"99":{"start":{"line":143,"column":8},"end":{"line":143,"column":35}},"100":{"start":{"line":146,"column":0},"end":{"line":158,"column":3}},"101":{"start":{"line":147,"column":4},"end":{"line":149,"column":7}},"102":{"start":{"line":148,"column":8},"end":{"line":148,"column":21}},"103":{"start":{"line":150,"column":4},"end":{"line":153,"column":7}},"104":{"start":{"line":151,"column":8},"end":{"line":151,"column":36}},"105":{"start":{"line":152,"column":8},"end":{"line":152,"column":37}},"106":{"start":{"line":154,"column":4},"end":{"line":157,"column":7}},"107":{"start":{"line":155,"column":8},"end":{"line":155,"column":36}},"108":{"start":{"line":156,"column":8},"end":{"line":156,"column":41}},"109":{"start":{"line":159,"column":0},"end":{"line":184,"column":3}},"110":{"start":{"line":160,"column":4},"end":{"line":160,"column":12}},"111":{"start":{"line":161,"column":4},"end":{"line":164,"column":7}},"112":{"start":{"line":162,"column":8},"end":{"line":162,"column":16}},"113":{"start":{"line":163,"column":8},"end":{"line":163,"column":17}},"114":{"start":{"line":165,"column":4},"end":{"line":167,"column":7}},"115":{"start":{"line":166,"column":8},"end":{"line":166,"column":16}},"116":{"start":{"line":168,"column":4},"end":{"line":170,"column":7}},"117":{"start":{"line":169,"column":8},"end":{"line":169,"column":31}},"118":{"start":{"line":171,"column":4},"end":{"line":174,"column":7}},"119":{"start":{"line":172,"column":8},"end":{"line":172,"column":31}},"120":{"start":{"line":173,"column":8},"end":{"line":173,"column":35}},"121":{"start":{"line":175,"column":4},"end":{"line":183,"column":7}},"122":{"start":{"line":176,"column":8},"end":{"line":176,"column":16}},"123":{"start":{"line":177,"column":8},"end":{"line":179,"column":11}},"124":{"start":{"line":178,"column":12},"end":{"line":178,"column":20}},"125":{"start":{"line":180,"column":8},"end":{"line":182,"column":11}},"126":{"start":{"line":181,"column":12},"end":{"line":181,"column":37}},"127":{"start":{"line":185,"column":0},"end":{"line":194,"column":3}},"128":{"start":{"line":186,"column":4},"end":{"line":186,"column":12}},"129":{"start":{"line":187,"column":4},"end":{"line":190,"column":7}},"130":{"start":{"line":188,"column":8},"end":{"line":188,"column":16}},"131":{"start":{"line":189,"column":8},"end":{"line":189,"column":17}},"132":{"start":{"line":191,"column":4},"end":{"line":193,"column":7}},"133":{"start":{"line":192,"column":8},"end":{"line":192,"column":31}},"134":{"start":{"line":195,"column":0},"end":{"line":204,"column":3}},"135":{"start":{"line":196,"column":4},"end":{"line":198,"column":7}},"136":{"start":{"line":197,"column":8},"end":{"line":197,"column":33}},"137":{"start":{"line":199,"column":4},"end":{"line":199,"column":59}},"138":{"start":{"line":200,"column":4},"end":{"line":203,"column":7}},"139":{"start":{"line":201,"column":8},"end":{"line":201,"column":33}},"140":{"start":{"line":202,"column":8},"end":{"line":202,"column":18}},"141":{"start":{"line":206,"column":0},"end":{"line":234,"column":3}},"142":{"start":{"line":207,"column":2},"end":{"line":207,"column":22}},"143":{"start":{"line":209,"column":2},"end":{"line":220,"column":5}},"144":{"start":{"line":210,"column":4},"end":{"line":214,"column":6}},"145":{"start":{"line":212,"column":8},"end":{"line":212,"column":20}},"146":{"start":{"line":216,"column":4},"end":{"line":216,"column":25}},"147":{"start":{"line":218,"column":4},"end":{"line":218,"column":20}},"148":{"start":{"line":219,"column":4},"end":{"line":219,"column":37}},"149":{"start":{"line":222,"column":2},"end":{"line":224,"column":5}},"150":{"start":{"line":223,"column":4},"end":{"line":223,"column":42}},"151":{"start":{"line":226,"column":2},"end":{"line":229,"column":5}},"152":{"start":{"line":227,"column":4},"end":{"line":227,"column":49}},"153":{"start":{"line":228,"column":4},"end":{"line":228,"column":66}},"154":{"start":{"line":231,"column":2},"end":{"line":233,"column":5}},"155":{"start":{"line":232,"column":4},"end":{"line":232,"column":27}},"156":{"start":{"line":236,"column":0},"end":{"line":266,"column":3}},"157":{"start":{"line":237,"column":2},"end":{"line":237,"column":27}},"158":{"start":{"line":239,"column":2},"end":{"line":253,"column":5}},"159":{"start":{"line":240,"column":4},"end":{"line":247,"column":6}},"160":{"start":{"line":242,"column":8},"end":{"line":242,"column":20}},"161":{"start":{"line":245,"column":8},"end":{"line":245,"column":19}},"162":{"start":{"line":249,"column":4},"end":{"line":249,"column":43}},"163":{"start":{"line":251,"column":4},"end":{"line":251,"column":20}},"164":{"start":{"line":252,"column":4},"end":{"line":252,"column":30}},"165":{"start":{"line":255,"column":2},"end":{"line":257,"column":5}},"166":{"start":{"line":256,"column":4},"end":{"line":256,"column":42}},"167":{"start":{"line":259,"column":2},"end":{"line":261,"column":5}},"168":{"start":{"line":260,"column":4},"end":{"line":260,"column":29}},"169":{"start":{"line":263,"column":2},"end":{"line":265,"column":5}},"170":{"start":{"line":264,"column":4},"end":{"line":264,"column":36}},"171":{"start":{"line":268,"column":0},"end":{"line":298,"column":3}},"172":{"start":{"line":269,"column":2},"end":{"line":269,"column":27}},"173":{"start":{"line":271,"column":2},"end":{"line":285,"column":5}},"174":{"start":{"line":272,"column":4},"end":{"line":279,"column":6}},"175":{"start":{"line":274,"column":8},"end":{"line":274,"column":20}},"176":{"start":{"line":277,"column":8},"end":{"line":277,"column":19}},"177":{"start":{"line":281,"column":4},"end":{"line":281,"column":46}},"178":{"start":{"line":283,"column":4},"end":{"line":283,"column":20}},"179":{"start":{"line":284,"column":4},"end":{"line":284,"column":30}},"180":{"start":{"line":287,"column":2},"end":{"line":289,"column":5}},"181":{"start":{"line":288,"column":4},"end":{"line":288,"column":42}},"182":{"start":{"line":291,"column":2},"end":{"line":293,"column":5}},"183":{"start":{"line":292,"column":4},"end":{"line":292,"column":29}},"184":{"start":{"line":295,"column":2},"end":{"line":297,"column":5}},"185":{"start":{"line":296,"column":4},"end":{"line":296,"column":36}},"186":{"start":{"line":300,"column":0},"end":{"line":332,"column":3}},"187":{"start":{"line":301,"column":2},"end":{"line":301,"column":27}},"188":{"start":{"line":303,"column":2},"end":{"line":319,"column":5}},"189":{"start":{"line":304,"column":4},"end":{"line":311,"column":6}},"190":{"start":{"line":306,"column":8},"end":{"line":306,"column":20}},"191":{"start":{"line":309,"column":8},"end":{"line":309,"column":19}},"192":{"start":{"line":313,"column":4},"end":{"line":315,"column":7}},"193":{"start":{"line":314,"column":6},"end":{"line":314,"column":18}},"194":{"start":{"line":317,"column":4},"end":{"line":317,"column":20}},"195":{"start":{"line":318,"column":4},"end":{"line":318,"column":30}},"196":{"start":{"line":321,"column":2},"end":{"line":323,"column":5}},"197":{"start":{"line":322,"column":4},"end":{"line":322,"column":42}},"198":{"start":{"line":325,"column":2},"end":{"line":327,"column":5}},"199":{"start":{"line":326,"column":4},"end":{"line":326,"column":29}},"200":{"start":{"line":329,"column":2},"end":{"line":331,"column":5}},"201":{"start":{"line":330,"column":4},"end":{"line":330,"column":37}},"202":{"start":{"line":334,"column":0},"end":{"line":352,"column":3}},"203":{"start":{"line":335,"column":2},"end":{"line":335,"column":15}},"204":{"start":{"line":337,"column":2},"end":{"line":345,"column":5}},"205":{"start":{"line":338,"column":4},"end":{"line":342,"column":6}},"206":{"start":{"line":340,"column":8},"end":{"line":340,"column":20}},"207":{"start":{"line":344,"column":4},"end":{"line":344,"column":48}},"208":{"start":{"line":347,"column":2},"end":{"line":351,"column":5}},"209":{"start":{"line":348,"column":4},"end":{"line":350,"column":28}},"210":{"start":{"line":349,"column":6},"end":{"line":350,"column":4}},"211":{"start":{"line":354,"column":0},"end":{"line":377,"column":3}},"212":{"start":{"line":355,"column":2},"end":{"line":355,"column":22}},"213":{"start":{"line":357,"column":2},"end":{"line":365,"column":5}},"214":{"start":{"line":358,"column":4},"end":{"line":362,"column":6}},"215":{"start":{"line":360,"column":8},"end":{"line":360,"column":20}},"216":{"start":{"line":364,"column":4},"end":{"line":364,"column":43}},"217":{"start":{"line":367,"column":2},"end":{"line":376,"column":5}},"218":{"start":{"line":368,"column":4},"end":{"line":368,"column":20}},"219":{"start":{"line":369,"column":4},"end":{"line":369,"column":29}},"220":{"start":{"line":371,"column":4},"end":{"line":371,"column":26}},"221":{"start":{"line":372,"column":4},"end":{"line":372,"column":15}},"222":{"start":{"line":374,"column":4},"end":{"line":374,"column":20}},"223":{"start":{"line":375,"column":4},"end":{"line":375,"column":27}},"224":{"start":{"line":379,"column":0},"end":{"line":446,"column":5}},"225":{"start":{"line":380,"column":2},"end":{"line":380,"column":22}},"226":{"start":{"line":382,"column":2},"end":{"line":390,"column":5}},"227":{"start":{"line":383,"column":4},"end":{"line":387,"column":6}},"228":{"start":{"line":385,"column":8},"end":{"line":385,"column":20}},"229":{"start":{"line":389,"column":4},"end":{"line":389,"column":25}},"230":{"start":{"line":391,"column":2},"end":{"line":397,"column":7}},"231":{"start":{"line":392,"column":6},"end":{"line":392,"column":52}},"232":{"start":{"line":394,"column":6},"end":{"line":394,"column":19}},"233":{"start":{"line":396,"column":6},"end":{"line":396,"column":51}},"234":{"start":{"line":398,"column":2},"end":{"line":405,"column":7}},"235":{"start":{"line":399,"column":6},"end":{"line":399,"column":50}},"236":{"start":{"line":401,"column":6},"end":{"line":401,"column":19}},"237":{"start":{"line":402,"column":6},"end":{"line":402,"column":19}},"238":{"start":{"line":404,"column":6},"end":{"line":404,"column":50}},"239":{"start":{"line":406,"column":2},"end":{"line":412,"column":6}},"240":{"start":{"line":407,"column":5},"end":{"line":407,"column":21}},"241":{"start":{"line":408,"column":5},"end":{"line":408,"column":28}},"242":{"start":{"line":410,"column":5},"end":{"line":410,"column":56}},"243":{"start":{"line":411,"column":5},"end":{"line":411,"column":63}},"244":{"start":{"line":413,"column":2},"end":{"line":418,"column":7}},"245":{"start":{"line":414,"column":6},"end":{"line":414,"column":22}},"246":{"start":{"line":415,"column":6},"end":{"line":415,"column":29}},"247":{"start":{"line":417,"column":6},"end":{"line":417,"column":71}},"248":{"start":{"line":419,"column":2},"end":{"line":423,"column":7}},"249":{"start":{"line":420,"column":6},"end":{"line":420,"column":22}},"250":{"start":{"line":422,"column":6},"end":{"line":422,"column":75}},"251":{"start":{"line":424,"column":2},"end":{"line":429,"column":6}},"252":{"start":{"line":425,"column":5},"end":{"line":425,"column":21}},"253":{"start":{"line":426,"column":5},"end":{"line":426,"column":28}},"254":{"start":{"line":428,"column":5},"end":{"line":428,"column":86}},"255":{"start":{"line":430,"column":2},"end":{"line":435,"column":6}},"256":{"start":{"line":431,"column":5},"end":{"line":431,"column":21}},"257":{"start":{"line":432,"column":5},"end":{"line":432,"column":28}},"258":{"start":{"line":434,"column":5},"end":{"line":434,"column":74}},"259":{"start":{"line":436,"column":2},"end":{"line":445,"column":7}},"260":{"start":{"line":437,"column":6},"end":{"line":437,"column":22}},"261":{"start":{"line":438,"column":6},"end":{"line":438,"column":29}},"262":{"start":{"line":440,"column":6},"end":{"line":440,"column":48}},"263":{"start":{"line":442,"column":6},"end":{"line":442,"column":31}},"264":{"start":{"line":444,"column":6},"end":{"line":444,"column":49}},"265":{"start":{"line":448,"column":0},"end":{"line":476,"column":3}},"266":{"start":{"line":449,"column":2},"end":{"line":449,"column":14}},"267":{"start":{"line":451,"column":2},"end":{"line":455,"column":5}},"268":{"start":{"line":452,"column":4},"end":{"line":452,"column":43}},"269":{"start":{"line":454,"column":4},"end":{"line":454,"column":35}},"270":{"start":{"line":457,"column":2},"end":{"line":459,"column":5}},"271":{"start":{"line":458,"column":4},"end":{"line":458,"column":54}},"272":{"start":{"line":461,"column":2},"end":{"line":463,"column":5}},"273":{"start":{"line":462,"column":4},"end":{"line":462,"column":39}},"274":{"start":{"line":465,"column":2},"end":{"line":467,"column":5}},"275":{"start":{"line":466,"column":4},"end":{"line":466,"column":45}},"276":{"start":{"line":469,"column":2},"end":{"line":471,"column":5}},"277":{"start":{"line":470,"column":4},"end":{"line":470,"column":64}},"278":{"start":{"line":473,"column":2},"end":{"line":475,"column":5}},"279":{"start":{"line":474,"column":4},"end":{"line":474,"column":60}},"280":{"start":{"line":478,"column":0},"end":{"line":506,"column":3}},"281":{"start":{"line":479,"column":2},"end":{"line":479,"column":11}},"282":{"start":{"line":481,"column":2},"end":{"line":487,"column":5}},"283":{"start":{"line":482,"column":4},"end":{"line":482,"column":77}},"284":{"start":{"line":484,"column":4},"end":{"line":484,"column":16}},"285":{"start":{"line":485,"column":4},"end":{"line":485,"column":17}},"286":{"start":{"line":486,"column":4},"end":{"line":486,"column":19}},"287":{"start":{"line":489,"column":2},"end":{"line":494,"column":5}},"288":{"start":{"line":490,"column":4},"end":{"line":490,"column":36}},"289":{"start":{"line":491,"column":4},"end":{"line":491,"column":37}},"290":{"start":{"line":492,"column":4},"end":{"line":492,"column":36}},"291":{"start":{"line":493,"column":4},"end":{"line":493,"column":38}},"292":{"start":{"line":496,"column":2},"end":{"line":501,"column":5}},"293":{"start":{"line":497,"column":4},"end":{"line":497,"column":41}},"294":{"start":{"line":498,"column":4},"end":{"line":498,"column":42}},"295":{"start":{"line":499,"column":4},"end":{"line":499,"column":43}},"296":{"start":{"line":500,"column":4},"end":{"line":500,"column":45}},"297":{"start":{"line":503,"column":2},"end":{"line":505,"column":5}},"298":{"start":{"line":504,"column":4},"end":{"line":504,"column":48}},"299":{"start":{"line":508,"column":0},"end":{"line":524,"column":3}},"300":{"start":{"line":509,"column":2},"end":{"line":512,"column":5}},"301":{"start":{"line":510,"column":4},"end":{"line":510,"column":44}},"302":{"start":{"line":511,"column":4},"end":{"line":511,"column":44}},"303":{"start":{"line":514,"column":2},"end":{"line":523,"column":5}},"304":{"start":{"line":515,"column":4},"end":{"line":522,"column":7}},"305":{"start":{"line":516,"column":6},"end":{"line":516,"column":41}},"306":{"start":{"line":517,"column":6},"end":{"line":519,"column":9}},"307":{"start":{"line":518,"column":8},"end":{"line":518,"column":20}},"308":{"start":{"line":521,"column":6},"end":{"line":521,"column":83}},"309":{"start":{"line":526,"column":0},"end":{"line":562,"column":3}},"310":{"start":{"line":527,"column":2},"end":{"line":527,"column":10}},"311":{"start":{"line":529,"column":2},"end":{"line":535,"column":5}},"312":{"start":{"line":530,"column":4},"end":{"line":534,"column":6}},"313":{"start":{"line":537,"column":2},"end":{"line":544,"column":5}},"314":{"start":{"line":538,"column":4},"end":{"line":540,"column":8}},"315":{"start":{"line":541,"column":4},"end":{"line":543,"column":8}},"316":{"start":{"line":546,"column":2},"end":{"line":561,"column":5}},"317":{"start":{"line":547,"column":4},"end":{"line":560,"column":7}},"318":{"start":{"line":548,"column":6},"end":{"line":548,"column":51}},"319":{"start":{"line":550,"column":6},"end":{"line":552,"column":9}},"320":{"start":{"line":554,"column":6},"end":{"line":556,"column":10}},"321":{"start":{"line":557,"column":6},"end":{"line":559,"column":10}},"322":{"start":{"line":564,"column":0},"end":{"line":604,"column":5}},"323":{"start":{"line":565,"column":2},"end":{"line":565,"column":20}},"324":{"start":{"line":567,"column":2},"end":{"line":570,"column":7}},"325":{"start":{"line":568,"column":6},"end":{"line":568,"column":57}},"326":{"start":{"line":569,"column":6},"end":{"line":569,"column":32}},"327":{"start":{"line":572,"column":2},"end":{"line":574,"column":7}},"328":{"start":{"line":573,"column":6},"end":{"line":573,"column":34}},"329":{"start":{"line":576,"column":2},"end":{"line":586,"column":7}},"330":{"start":{"line":577,"column":6},"end":{"line":579,"column":14}},"331":{"start":{"line":578,"column":8},"end":{"line":578,"column":24}},"332":{"start":{"line":581,"column":6},"end":{"line":581,"column":51}},"333":{"start":{"line":583,"column":6},"end":{"line":583,"column":32}},"334":{"start":{"line":585,"column":6},"end":{"line":585,"column":47}},"335":{"start":{"line":588,"column":4},"end":{"line":603,"column":7}},"336":{"start":{"line":589,"column":6},"end":{"line":591,"column":14}},"337":{"start":{"line":590,"column":8},"end":{"line":590,"column":24}},"338":{"start":{"line":593,"column":6},"end":{"line":593,"column":51}},"339":{"start":{"line":595,"column":6},"end":{"line":595,"column":32}},"340":{"start":{"line":596,"column":6},"end":{"line":596,"column":53}},"341":{"start":{"line":598,"column":6},"end":{"line":598,"column":31}},"342":{"start":{"line":599,"column":6},"end":{"line":599,"column":53}},"343":{"start":{"line":601,"column":6},"end":{"line":601,"column":31}},"344":{"start":{"line":602,"column":6},"end":{"line":602,"column":53}},"345":{"start":{"line":606,"column":0},"end":{"line":636,"column":5}},"346":{"start":{"line":607,"column":2},"end":{"line":607,"column":12}},"347":{"start":{"line":608,"column":2},"end":{"line":613,"column":6}},"348":{"start":{"line":609,"column":5},"end":{"line":612,"column":11}},"349":{"start":{"line":610,"column":7},"end":{"line":610,"column":17}},"350":{"start":{"line":611,"column":7},"end":{"line":611,"column":14}},"351":{"start":{"line":614,"column":2},"end":{"line":618,"column":6}},"352":{"start":{"line":615,"column":5},"end":{"line":615,"column":13}},"353":{"start":{"line":616,"column":5},"end":{"line":616,"column":38}},"354":{"start":{"line":617,"column":5},"end":{"line":617,"column":12}},"355":{"start":{"line":619,"column":2},"end":{"line":635,"column":7}},"356":{"start":{"line":620,"column":6},"end":{"line":620,"column":26}},"357":{"start":{"line":621,"column":6},"end":{"line":624,"column":9}},"358":{"start":{"line":622,"column":8},"end":{"line":622,"column":59}},"359":{"start":{"line":623,"column":8},"end":{"line":623,"column":49}},"360":{"start":{"line":626,"column":6},"end":{"line":630,"column":9}},"361":{"start":{"line":627,"column":8},"end":{"line":629,"column":17}},"362":{"start":{"line":628,"column":10},"end":{"line":628,"column":17}},"363":{"start":{"line":632,"column":6},"end":{"line":634,"column":9}},"364":{"start":{"line":633,"column":8},"end":{"line":633,"column":59}}},"branchMap":{}}}